
[2026-05-28T18:03:43.097Z]
  + [Cuellos] Chaqueta rosa claro de pelo de visón con cuello levantado | 999,00€ | https://www.delaroca.es/producto/chaqueta-rosa-claro-de-pelo-de-vison-con-cuello-levantado/
  + [Capas] Capa de lana shetland azul marino con pelo de zorro | 555,00€ | https://www.delaroca.es/producto/capa-de-lana-shetland-azul-marino-con-pelo-de-zorro/
  + [Cuellos] Chaquetón de mujer de pelo de visón con cuello levantado | 2.500,00€ | https://www.delaroca.es/producto/chaqueton-de-mujer-de-pelo-de-vison-con-cuello-levantado-2/
  + [Cuellos] Chaquetón de mujer de pelo de visón con cuello levantado | 2.500,00€ | https://www.delaroca.es/producto/chaqueton-de-mujer-de-pelo-de-vison-con-cuello-levantado/
  + [Cuellos] Chaquetón de mujer de pelo de visón con cuello levantado | 2.500,00€ | https://www.delaroca.es/producto/chaqueton-de-mujer-de-pelo-de-vison-con-cuello-levantado-3/
  + [Cuellos] Abrigo de mujer de pelo de visón con cuello levantado | 2.800,00€ | https://www.delaroca.es/producto/abrigo-de-mujer-de-pelo-de-vison-con-cuello-levantado-2/
  + [Cuellos] Abrigo de mujer de pelo de visón con cuello levantado | 2.400,00€ | https://www.delaroca.es/producto/abrigo-de-mujer-de-pelo-de-vison-con-cuello-levantado-5/
  + [Cuellos] Abrigo de pelo de mujer corto de visón con cuello levantado | 1.960,00€ | https://www.delaroca.es/producto/abrigo-de-pelo-de-mujer-corto-de-vison-con-cuello-levantado/
  + [Cuellos] Chaqueta beige palomino de pelo de visón con cuello levantado | 999,00€ | https://www.delaroca.es/producto/chaqueta-beige-palomino-de-pelo-de-vison-con-cuello-levantado/
  + [Cuellos] Chaquetón de mujer de pelo de visón con cuello levantado | 2.000,00€ | https://www.delaroca.es/producto/chaqueton-de-mujer-de-pelo-de-vison-con-cuello-levantado-5/
  + [Cuellos] Chaleco de pelo de mujer de visón con cuello de zorro | 1.200,00€ | https://www.delaroca.es/producto/chaleco-de-pelo-de-mujer-de-vison-con-cuello-de-zorro/
  + [Cuellos] Abrigo de pelo de mujer de visón con cuello barco | 2.390,00€ | https://www.delaroca.es/producto/abrigo-de-pelo-de-mujer-de-vison-con-cuello-barco/
  + [Cuellos] Chaqueta de mujer de pelo rex con cuello barco | 499,00€ | https://www.delaroca.es/producto/chaqueta-de-mujer-de-pelo-rex-con-cuello-barco-2/
  + [Cuellos] Chaleco de pelo de mujer de rex con cuello tuxido | 150,00€ | https://www.delaroca.es/producto/chaleco-de-pelo-de-mujer-de-rex-con-cuello-tuxido-2/
  + [Cuellos] Chaleco de pelo de mujer de rex con cuello tuxido | 150,00€ | https://www.delaroca.es/producto/chaleco-de-pelo-de-mujer-de-rex-con-cuello-tuxido/
  + [Cuellos] Cazadora de textil con forro y cuello de pelo de rex beaver | 150,00€ | https://www.delaroca.es/producto/cazadora-de-textil-con-forro-y-cuello-de-pelo-de-rex-beaver/
  + [Cuellos] Abrigo de mujer de pelo rex con cuello barco | 499,00€ | https://www.delaroca.es/producto/abrigo-de-mujer-de-pelo-rex-con-cuello-barco/
  + [Cuellos] Chaqueta de mujer de pelo rex con cuello grande | 499,00€ | https://www.delaroca.es/producto/chaqueta-de-mujer-de-pelo-rex-con-cuello-grande-4/
  + [Cuellos] Chaqueta de mujer de pelo rex con cuello grande | 499,00€ | https://www.delaroca.es/producto/chaqueta-de-mujer-de-pelo-rex-con-cuello-grande-2/
  + [Cuellos] Chaqueta de mujer de pelo rex con cuello chimenea | 499,00€ | https://www.delaroca.es/producto/chaqueta-de-mujer-de-pelo-rex-con-cuello-chimenea-2/
  + [Cuellos] Chaqueta de pelo de mujer de rex con detalles en cuello y mangas | 830,00€ | https://www.delaroca.es/producto/chaqueta-de-pelo-de-mujer-de-rex-con-detalles-en-cuello-y-mangas/
  + [Estolas] Estola de pelo de Weasel visón despinzado estampado | 450,00€ | https://www.delaroca.es/producto/estola-de-pelo-de-weasel-vison-despinzado-estampado/
  + [Bufandas] Bufanda larga de pelo visón bicolor | 450,00€ | https://www.delaroca.es/producto/bufanda-larga-de-pelo-vison-bicolor/
  + [Capas] Bolero | 475,00€ | https://www.delaroca.es/producto/bolero-capa-de-mujer-de-pelo-de-vison-rasado/
  + [Capas] Bolero | 350,00€ | https://www.delaroca.es/producto/bolero-capa-de-mujer-de-pelo-de-cordero/
  + [Cuellos] Chaleco de pelo de mujer de visón diamante y cuello de zorro | 1.610,00€ | https://www.delaroca.es/producto/chaleco-de-pelo-de-mujer-de-vison-diamante-y-cuello-de-zorro/
  + [Cuellos] Chaleco de mujer de pelo de visón con cuello de zorro | 1.175,00€ | https://www.delaroca.es/producto/chaleco-de-mujer-de-pelo-de-vison-con-cuello-de-zorro/
  + [Cuellos] Chaleco largo de mujer de pelo de visón con cuello al tono | 1.160,00€ | https://www.delaroca.es/producto/chaleco-largo-de-mujer-de-pelo-de-vison-con-cuello-al-tono/
  + [Cuellos] Abrigo de mujer de pelo de cordero del Tibet con cuello levantado | 500,00€ | https://www.delaroca.es/producto/abrigo-de-mujer-de-pelo-de-cordero-del-tibet-con-cuello-levantado/
  + [Cuellos] Cuello smoking de pelo de zorro estampado | 65,00€ | https://www.delaroca.es/producto/cuello-smoking-de-pelo-de-zorro-estampado/
  + [Cuellos] Abrigo de pelo de visón negro con cuello de barco Saint Germain | 1.668,00€ | https://www.delaroca.es/producto/abrigo-de-vison-negro-cuello-de-barco/
  + [Cuellos] Abrigo de pelo de mujer visón con cuello solapa y trabilla trasera | 2.700,00€ | https://www.delaroca.es/producto/abrigo-de-pelo-de-mujer-vison-con-cuello-solapa-y-trabilla-trasera/
  + [Cuellos] Chaqueta de pelo de mujer de visón con cuello barco | 1.550,00€ | https://www.delaroca.es/producto/chaqueta-de-pelo-de-mujer-de-vison-con-cuello-barco-2/
  + [Cuellos] Chaqueta de pelo de mujer de tianjín y visón con cuello levantado | 1.200,00€ | https://www.delaroca.es/producto/chaqueta-de-pelo-de-mujer-de-tianjin-y-vison-con-cuello-levantado/
  + [Cuellos] Chaqueta de pelo de mujer de tianjín y visón con cuello levantado | 1.200,00€ | https://www.delaroca.es/producto/chaqueta-de-pelo-de-mujer-de-tianjin-y-vison-con-cuello-levantado-2/
  + [Cuellos] Chaqueta de mujer de pelo de visón con cuello levantado | 2.100,00€ | https://www.delaroca.es/producto/chaqueta-de-mujer-de-pelo-de-vison-con-cuello-levantado/
  + [Cuellos] Chaqueta de mujer de pelo de visón con cuello levantado | 1.600,00€ | https://www.delaroca.es/producto/chaqueta-de-mujer-de-pelo-de-vison-con-cuello-levantado-2/
  + [Estolas] Estola de pelo de visón en color blanco | 450,00€ | https://www.delaroca.es/producto/estola-de-pelo-de-vison-en-color-blanco/
  + [Cuellos] Abrigo de mujer de pelo de visón con cuello levantado | 2.900,00€ | https://www.delaroca.es/producto/abrigo-de-mujer-de-pelo-de-vison-con-cuello-levantado-3/
  + [Cuellos] Abrigo de mujer de pelo de kalgan y visón con cuello solapa | 350,00€ | https://www.delaroca.es/producto/abrigo-de-mujer-de-pelo-de-kalgan-y-vison-con-cuello-solapa/
  + [Cuellos] Chaqueta de mujer de pelo de visón rasado con cuello levantado | 800,00€ | https://www.delaroca.es/producto/chaqueta-de-mujer-de-pelo-de-vison-rasado-con-cuello-levantado/
  + [Capas] Capa de mujer de pelo de visón con manga corta | 400,00€ | https://www.delaroca.es/producto/capa-de-mujer-de-pelo-de-vison-con-manga-corta/
  + [Cuellos] Chaqueta de pelo de mujer de visón con cuello levantado | 1.650,00€ | https://www.delaroca.es/producto/chaqueta-de-pelo-de-mujer-de-vison-con-cuello-levantado/
  + [Cuellos] Chaquetón de mujer de pelo de zorro con cuello a la caja | 999,00€ | https://www.delaroca.es/producto/chaqueton-de-mujer-de-pelo-de-zorro-con-cuello-a-la-caja/
